2016-11-25 09:37:15 trace :
------------
String:
<xml><ToUserName><![CDATA[toUser]]></ToUserName><FromUserName><![CDATA[fromUser]]></FromUserName><CreateTime>1480037835</CreateTime><MsgType><![CDATA[text]]></MsgType><Content><![CDATA[测试内容]]></Content><MsgId>1234567890123456</MsgId></xml>

2016-11-25 09:37:15 params :
------------
String:
array (
  'rule' => -2,
  'module' => '',
  'message' => 
  array (
    'tousername' => 'toUser',
    'fromusername' => 'fromUser',
    'createtime' => '1480037835',
    'msgtype' => 'text',
    'content' => '测试内容',
    'msgid' => '1234567890123456',
    'from' => 'fromUser',
    'to' => 'toUser',
    'time' => '1480037835',
    'type' => 'text',
    'event' => NULL,
    'redirection' => false,
    'source' => NULL,
  ),
)

2016-11-25 09:37:15 response :
------------

2016-11-25 09:37:19 trace :
------------
String:
<xml><ToUserName><![CDATA[toUser]]></ToUserName><FromUserName><![CDATA[fromUser]]></FromUserName><CreateTime>1480037840</CreateTime><MsgType><![CDATA[text]]></MsgType><Content><![CDATA[测试内容]]></Content><MsgId>1234567890123456</MsgId></xml>

2016-11-25 09:37:19 params :
------------
String:
array (
  'rule' => -2,
  'module' => '',
  'message' => 
  array (
    'tousername' => 'toUser',
    'fromusername' => 'fromUser',
    'createtime' => '1480037840',
    'msgtype' => 'text',
    'content' => '测试内容',
    'msgid' => '1234567890123456',
    'from' => 'fromUser',
    'to' => 'toUser',
    'time' => '1480037840',
    'type' => 'text',
    'event' => NULL,
    'redirection' => false,
    'source' => NULL,
  ),
)

2016-11-25 09:37:19 response :
------------

2016-11-25 09:37:22 trace :
------------
String:
<xml><ToUserName><![CDATA[toUser]]></ToUserName><FromUserName><![CDATA[fromUser]]></FromUserName><CreateTime>1480037842</CreateTime><MsgType><![CDATA[text]]></MsgType><Content><![CDATA[测试内容]]></Content><MsgId>1234567890123456</MsgId></xml>

2016-11-25 09:37:22 params :
------------
String:
array (
  'rule' => -2,
  'module' => '',
  'message' => 
  array (
    'tousername' => 'toUser',
    'fromusername' => 'fromUser',
    'createtime' => '1480037842',
    'msgtype' => 'text',
    'content' => '测试内容',
    'msgid' => '1234567890123456',
    'from' => 'fromUser',
    'to' => 'toUser',
    'time' => '1480037842',
    'type' => 'text',
    'event' => NULL,
    'redirection' => false,
    'source' => NULL,
  ),
)

2016-11-25 09:37:22 response :
------------

2016-11-25 09:37:24 trace :
------------
String:
<xml><ToUserName><![CDATA[toUser]]></ToUserName><FromUserName><![CDATA[fromUser]]></FromUserName><CreateTime>1480037844</CreateTime><MsgType><![CDATA[text]]></MsgType><Content><![CDATA[测试内容]]></Content><MsgId>1234567890123456</MsgId></xml>

2016-11-25 09:37:24 params :
------------
String:
array (
  'rule' => -2,
  'module' => '',
  'message' => 
  array (
    'tousername' => 'toUser',
    'fromusername' => 'fromUser',
    'createtime' => '1480037844',
    'msgtype' => 'text',
    'content' => '测试内容',
    'msgid' => '1234567890123456',
    'from' => 'fromUser',
    'to' => 'toUser',
    'time' => '1480037844',
    'type' => 'text',
    'event' => NULL,
    'redirection' => false,
    'source' => NULL,
  ),
)

2016-11-25 09:37:24 response :
------------

2016-11-25 09:37:25 trace :
------------
String:
<xml><ToUserName><![CDATA[toUser]]></ToUserName><FromUserName><![CDATA[fromUser]]></FromUserName><CreateTime>1480037845</CreateTime><MsgType><![CDATA[text]]></MsgType><Content><![CDATA[测试内容]]></Content><MsgId>1234567890123456</MsgId></xml>

2016-11-25 09:37:25 params :
------------
String:
array (
  'rule' => -2,
  'module' => '',
  'message' => 
  array (
    'tousername' => 'toUser',
    'fromusername' => 'fromUser',
    'createtime' => '1480037845',
    'msgtype' => 'text',
    'content' => '测试内容',
    'msgid' => '1234567890123456',
    'from' => 'fromUser',
    'to' => 'toUser',
    'time' => '1480037845',
    'type' => 'text',
    'event' => NULL,
    'redirection' => false,
    'source' => NULL,
  ),
)

2016-11-25 09:37:25 response :
------------

2016-11-25 09:37:26 trace :
------------
String:
<xml><ToUserName><![CDATA[toUser]]></ToUserName><FromUserName><![CDATA[fromUser]]></FromUserName><CreateTime>1480037846</CreateTime><MsgType><![CDATA[text]]></MsgType><Content><![CDATA[测试内容]]></Content><MsgId>1234567890123456</MsgId></xml>

2016-11-25 09:37:26 params :
------------
String:
array (
  'rule' => -2,
  'module' => '',
  'message' => 
  array (
    'tousername' => 'toUser',
    'fromusername' => 'fromUser',
    'createtime' => '1480037846',
    'msgtype' => 'text',
    'content' => '测试内容',
    'msgid' => '1234567890123456',
    'from' => 'fromUser',
    'to' => 'toUser',
    'time' => '1480037846',
    'type' => 'text',
    'event' => NULL,
    'redirection' => false,
    'source' => NULL,
  ),
)

2016-11-25 09:37:26 response :
------------

2016-11-25 09:37:32 trace :
------------
String:
<xml><ToUserName><![CDATA[toUser]]></ToUserName><FromUserName><![CDATA[fromUser]]></FromUserName><CreateTime>1480037853</CreateTime><MsgType><![CDATA[text]]></MsgType><Content><![CDATA[测试内容1]]></Content><MsgId>1234567890123456</MsgId></xml>

2016-11-25 09:37:32 params :
------------
String:
array (
  'rule' => -2,
  'module' => '',
  'message' => 
  array (
    'tousername' => 'toUser',
    'fromusername' => 'fromUser',
    'createtime' => '1480037853',
    'msgtype' => 'text',
    'content' => '测试内容1',
    'msgid' => '1234567890123456',
    'from' => 'fromUser',
    'to' => 'toUser',
    'time' => '1480037853',
    'type' => 'text',
    'event' => NULL,
    'redirection' => false,
    'source' => NULL,
  ),
)

2016-11-25 09:37:32 response :
------------

2016-11-25 09:37:38 trace :
------------
String:
<xml><ToUserName><![CDATA[toUser]]></ToUserName><FromUserName><![CDATA[fromUser]]></FromUserName><CreateTime>1480037859</CreateTime><MsgType><![CDATA[image]]></MsgType><PicUrl><![CDATA[http://www.baidu.com/img/bdlogo.gif]]></PicUrl><MsgId>1234567890123456</MsgId></xml>

2016-11-25 09:37:38 params :
------------
String:
array (
  'rule' => -2,
  'module' => '',
  'message' => 
  array (
    'tousername' => 'toUser',
    'fromusername' => 'fromUser',
    'createtime' => '1480037859',
    'msgtype' => 'image',
    'picurl' => 'http://www.baidu.com/img/bdlogo.gif',
    'msgid' => '1234567890123456',
    'from' => 'fromUser',
    'to' => 'toUser',
    'time' => '1480037859',
    'type' => 'image',
    'event' => NULL,
    'url' => 'http://www.baidu.com/img/bdlogo.gif',
  ),
)

2016-11-25 09:37:38 response :
------------

2016-11-25 09:37:46 trace :
------------
String:
<xml><ToUserName><![CDATA[toUser]]></ToUserName><FromUserName><![CDATA[fromUser]]></FromUserName><CreateTime>1480037867</CreateTime><MsgType><![CDATA[location]]></MsgType><Location_X>23.134521</Location_X><Location_Y>113.358803</Location_Y><Scale>20</Scale><Label><![CDATA[位置信息]]></Label><MsgId>1234567890123456</MsgId></xml>

2016-11-25 09:37:46 params :
------------
String:
array (
  'rule' => -2,
  'module' => '',
  'message' => 
  array (
    'tousername' => 'toUser',
    'fromusername' => 'fromUser',
    'createtime' => '1480037867',
    'msgtype' => 'location',
    'location_x' => '23.134521',
    'location_y' => '113.358803',
    'scale' => '20',
    'label' => '位置信息',
    'msgid' => '1234567890123456',
    'from' => 'fromUser',
    'to' => 'toUser',
    'time' => '1480037867',
    'type' => 'location',
    'event' => NULL,
  ),
)

2016-11-25 09:37:46 response :
------------

2016-11-25 09:37:49 trace :
------------
String:
<xml><ToUserName><![CDATA[toUser]]></ToUserName><FromUserName><![CDATA[fromUser]]></FromUserName><CreateTime>1480037870</CreateTime><MsgType><![CDATA[location]]></MsgType><Location_X>23.134521</Location_X><Location_Y>113.358803</Location_Y><Scale>20</Scale><Label><![CDATA[位置信息]]></Label><MsgId>1234567890123456</MsgId></xml>

2016-11-25 09:37:49 params :
------------
String:
array (
  'rule' => -2,
  'module' => '',
  'message' => 
  array (
    'tousername' => 'toUser',
    'fromusername' => 'fromUser',
    'createtime' => '1480037870',
    'msgtype' => 'location',
    'location_x' => '23.134521',
    'location_y' => '113.358803',
    'scale' => '20',
    'label' => '位置信息',
    'msgid' => '1234567890123456',
    'from' => 'fromUser',
    'to' => 'toUser',
    'time' => '1480037870',
    'type' => 'location',
    'event' => NULL,
  ),
)

2016-11-25 09:37:49 response :
------------

2016-11-25 09:37:53 trace :
------------
String:
<xml><ToUserName><![CDATA[toUser]]></ToUserName><FromUserName><![CDATA[fromUser]]></FromUserName><CreateTime>1480037874</CreateTime><MsgType><![CDATA[link]]></MsgType><Title><![CDATA[测试链接]]></Title><Description><![CDATA[测试链接描述]]></Description><Url><![CDATA[http://baidu.com]]></Url><MsgId>1234567890123456</MsgId></xml>

2016-11-25 09:37:53 params :
------------
String:
array (
  'rule' => -2,
  'module' => '',
  'message' => 
  array (
    'tousername' => 'toUser',
    'fromusername' => 'fromUser',
    'createtime' => '1480037874',
    'msgtype' => 'link',
    'title' => '测试链接',
    'description' => '测试链接描述',
    'url' => 'http://baidu.com',
    'msgid' => '1234567890123456',
    'from' => 'fromUser',
    'to' => 'toUser',
    'time' => '1480037874',
    'type' => 'link',
    'event' => NULL,
  ),
)

2016-11-25 09:37:53 response :
------------

2016-11-25 09:37:55 trace :
------------
String:
<xml><ToUserName><![CDATA[toUser]]></ToUserName><FromUserName><![CDATA[fromUser]]></FromUserName><CreateTime>1480037875</CreateTime><MsgType><![CDATA[link]]></MsgType><Title><![CDATA[测试链接]]></Title><Description><![CDATA[测试链接描述]]></Description><Url><![CDATA[http://baidu.com]]></Url><MsgId>1234567890123456</MsgId></xml>

2016-11-25 09:37:55 params :
------------
String:
array (
  'rule' => -2,
  'module' => '',
  'message' => 
  array (
    'tousername' => 'toUser',
    'fromusername' => 'fromUser',
    'createtime' => '1480037875',
    'msgtype' => 'link',
    'title' => '测试链接',
    'description' => '测试链接描述',
    'url' => 'http://baidu.com',
    'msgid' => '1234567890123456',
    'from' => 'fromUser',
    'to' => 'toUser',
    'time' => '1480037875',
    'type' => 'link',
    'event' => NULL,
  ),
)

2016-11-25 09:37:55 response :
------------

2016-11-25 09:37:55 trace :
------------
String:
<xml><ToUserName><![CDATA[toUser]]></ToUserName><FromUserName><![CDATA[fromUser]]></FromUserName><CreateTime>1480037876</CreateTime><MsgType><![CDATA[link]]></MsgType><Title><![CDATA[测试链接]]></Title><Description><![CDATA[测试链接描述]]></Description><Url><![CDATA[http://baidu.com]]></Url><MsgId>1234567890123456</MsgId></xml>

2016-11-25 09:37:55 params :
------------
String:
array (
  'rule' => -2,
  'module' => '',
  'message' => 
  array (
    'tousername' => 'toUser',
    'fromusername' => 'fromUser',
    'createtime' => '1480037876',
    'msgtype' => 'link',
    'title' => '测试链接',
    'description' => '测试链接描述',
    'url' => 'http://baidu.com',
    'msgid' => '1234567890123456',
    'from' => 'fromUser',
    'to' => 'toUser',
    'time' => '1480037876',
    'type' => 'link',
    'event' => NULL,
  ),
)

2016-11-25 09:37:55 response :
------------

2016-11-25 09:37:58 trace :
------------
String:
<xml><ToUserName><![CDATA[toUser]]></ToUserName><FromUserName><![CDATA[fromUser]]></FromUserName><CreateTime>1480037879</CreateTime><MsgType><![CDATA[event]]></MsgType><Event><![CDATA[CLICK]]></Event><EventKey><![CDATA[EVENTKEY]]></EventKey><MsgId>1234567890123456</MsgId></xml>

2016-11-25 09:37:58 params :
------------
String:
array (
  'rule' => -2,
  'module' => '',
  'message' => 
  array (
    'tousername' => 'toUser',
    'fromusername' => 'fromUser',
    'createtime' => '1480037879',
    'msgtype' => 'event',
    'event' => 'CLICK',
    'eventkey' => 'EVENTKEY',
    'msgid' => '1234567890123456',
    'from' => 'fromUser',
    'to' => 'toUser',
    'time' => '1480037879',
    'type' => 'text',
    'content' => 'EVENTKEY',
    'redirection' => true,
    'source' => 'click',
  ),
)

2016-11-25 09:37:59 response :
------------

2016-11-25 09:37:59 trace :
------------
String:
<xml><ToUserName><![CDATA[toUser]]></ToUserName><FromUserName><![CDATA[fromUser]]></FromUserName><CreateTime>1480037880</CreateTime><MsgType><![CDATA[event]]></MsgType><Event><![CDATA[CLICK]]></Event><EventKey><![CDATA[EVENTKEY]]></EventKey><MsgId>1234567890123456</MsgId></xml>

2016-11-25 09:37:59 params :
------------
String:
array (
  'rule' => -2,
  'module' => '',
  'message' => 
  array (
    'tousername' => 'toUser',
    'fromusername' => 'fromUser',
    'createtime' => '1480037880',
    'msgtype' => 'event',
    'event' => 'CLICK',
    'eventkey' => 'EVENTKEY',
    'msgid' => '1234567890123456',
    'from' => 'fromUser',
    'to' => 'toUser',
    'time' => '1480037880',
    'type' => 'text',
    'content' => 'EVENTKEY',
    'redirection' => true,
    'source' => 'click',
  ),
)

2016-11-25 09:37:59 response :
------------

2016-11-25 09:38:01 trace :
------------
String:
<xml><ToUserName><![CDATA[toUser]]></ToUserName><FromUserName><![CDATA[fromUser]]></FromUserName><CreateTime>1480037882</CreateTime><MsgType><![CDATA[event]]></MsgType><Event><![CDATA[subscribe]]></Event><EventKey><![CDATA[]]></EventKey><MsgId>1234567890123456</MsgId></xml>

2016-11-25 09:38:01 params :
------------
String:
array (
  'rule' => -2,
  'module' => '',
  'message' => 
  array (
    'tousername' => 'toUser',
    'fromusername' => 'fromUser',
    'createtime' => '1480037882',
    'msgtype' => 'event',
    'event' => 'subscribe',
    'eventkey' => '',
    'msgid' => '1234567890123456',
    'from' => 'fromUser',
    'to' => 'toUser',
    'time' => '1480037882',
    'type' => 'text',
    'redirection' => true,
    'source' => 'subscribe',
  ),
)

2016-11-25 09:38:01 response :
------------

2016-11-25 09:38:05 trace :
------------
String:
<xml><ToUserName><![CDATA[toUser]]></ToUserName><FromUserName><![CDATA[fromUser]]></FromUserName><CreateTime>1480037885</CreateTime><MsgType><![CDATA[event]]></MsgType><Event><![CDATA[unsubscribe]]></Event><EventKey><![CDATA[]]></EventKey><MsgId>1234567890123456</MsgId></xml>

2016-11-25 09:38:07 trace :
------------
String:
<xml><ToUserName><![CDATA[toUser]]></ToUserName><FromUserName><![CDATA[fromUser]]></FromUserName><CreateTime>1480037885</CreateTime><MsgType><![CDATA[event]]></MsgType><Event><![CDATA[unsubscribe]]></Event><EventKey><![CDATA[]]></EventKey><MsgId>1234567890123456</MsgId></xml>

2016-11-25 09:38:10 trace :
------------
String:
<xml><ToUserName><![CDATA[toUser]]></ToUserName><FromUserName><![CDATA[fromUser]]></FromUserName><CreateTime>1480037890</CreateTime><MsgType><![CDATA[image]]></MsgType><PicUrl><![CDATA[http://www.baidu.com/img/bdlogo.gif]]></PicUrl><MsgId>1234567890123456</MsgId></xml>

2016-11-25 09:38:10 params :
------------
String:
array (
  'rule' => -2,
  'module' => '',
  'message' => 
  array (
    'tousername' => 'toUser',
    'fromusername' => 'fromUser',
    'createtime' => '1480037890',
    'msgtype' => 'image',
    'picurl' => 'http://www.baidu.com/img/bdlogo.gif',
    'msgid' => '1234567890123456',
    'from' => 'fromUser',
    'to' => 'toUser',
    'time' => '1480037890',
    'type' => 'image',
    'event' => NULL,
    'url' => 'http://www.baidu.com/img/bdlogo.gif',
  ),
)

2016-11-25 09:38:10 response :
------------

2016-11-25 09:38:15 trace :
------------
String:
<xml><ToUserName><![CDATA[toUser]]></ToUserName><FromUserName><![CDATA[fromUser]]></FromUserName><CreateTime>1480037895</CreateTime><MsgType><![CDATA[text]]></MsgType><Content><![CDATA[测试内容]]></Content><MsgId>1234567890123456</MsgId></xml>

2016-11-25 09:38:15 params :
------------
String:
array (
  'rule' => -2,
  'module' => '',
  'message' => 
  array (
    'tousername' => 'toUser',
    'fromusername' => 'fromUser',
    'createtime' => '1480037895',
    'msgtype' => 'text',
    'content' => '测试内容',
    'msgid' => '1234567890123456',
    'from' => 'fromUser',
    'to' => 'toUser',
    'time' => '1480037895',
    'type' => 'text',
    'event' => NULL,
    'redirection' => false,
    'source' => NULL,
  ),
)

2016-11-25 09:38:15 response :
------------

2016-11-25 09:42:40 trace :
------------
String:
<xml><ToUserName><![CDATA[toUser]]></ToUserName><FromUserName><![CDATA[fromUser]]></FromUserName><CreateTime>1480038160</CreateTime><MsgType><![CDATA[text]]></MsgType><Content><![CDATA[测试内容1]]></Content><MsgId>1234567890123456</MsgId></xml>

2016-11-25 09:42:40 params :
------------
String:
array (
  'rule' => -2,
  'module' => '',
  'message' => 
  array (
    'tousername' => 'toUser',
    'fromusername' => 'fromUser',
    'createtime' => '1480038160',
    'msgtype' => 'text',
    'content' => '测试内容1',
    'msgid' => '1234567890123456',
    'from' => 'fromUser',
    'to' => 'toUser',
    'time' => '1480038160',
    'type' => 'text',
    'event' => NULL,
    'redirection' => false,
    'source' => NULL,
  ),
)

2016-11-25 09:42:40 response :
------------

2016-11-25 09:42:52 trace :
------------
String:
<xml><ToUserName><![CDATA[toUser]]></ToUserName><FromUserName><![CDATA[fromUser]]></FromUserName><CreateTime>1480038172</CreateTime><MsgType><![CDATA[text]]></MsgType><Content><![CDATA[测试内容1]]></Content><MsgId>1234567890123456</MsgId></xml>

2016-11-25 09:42:52 params :
------------
String:
array (
  'rule' => -2,
  'module' => '',
  'message' => 
  array (
    'tousername' => 'toUser',
    'fromusername' => 'fromUser',
    'createtime' => '1480038172',
    'msgtype' => 'text',
    'content' => '测试内容1',
    'msgid' => '1234567890123456',
    'from' => 'fromUser',
    'to' => 'toUser',
    'time' => '1480038172',
    'type' => 'text',
    'event' => NULL,
    'redirection' => false,
    'source' => NULL,
  ),
)

2016-11-25 09:42:52 response :
------------

